<?xml version="1.0" encoding="UTF-8"?>
<testng-results ignored="0" total="1" passed="1" failed="0" skipped="0">
  <reporter-output>
  </reporter-output>
  <suite started-at="2024-03-14T11:10:17 IST" name="Default suite" finished-at="2024-03-14T11:10:22 IST" duration-ms="4904">
    <groups>
    </groups>
    <test started-at="2024-03-14T11:10:17 IST" name="Default test" finished-at="2024-03-14T11:10:22 IST" duration-ms="4904">
      <class name="selenium_tests.TC_Login">
        <test-method signature="login_Test()[pri:0, instance:selenium_tests.TC_Login@38cee291]" started-at="2024-03-14T11:10:17 IST" name="login_Test" finished-at="2024-03-14T11:10:22 IST" duration-ms="4857" status="PASS">
          <reporter-output>
          </reporter-output>
        </test-method> <!-- login_Test -->
      </class> <!-- selenium_tests.TC_Login -->
    </test> <!-- Default test -->
  </suite> <!-- Default suite -->
</testng-results>
